<?xml version="1.0" encoding="UTF-8"?>
<robot generator="Robot 7.4 (Python 3.14.2 on darwin)" generated="2025-12-24T12:28:41.036246" rpa="false" schemaversion="5">
<suite id="s1" name="TaggingRobot" source="/Users/amit/IdeaProjects/PythonProject1/TestCases/TaggingRobot.robot">
<test id="s1-t1" name="TC2 Login Test" line="12">
<kw name="Log To Console" owner="BuiltIn">
<arg>This is user login test</arg>
<doc>Logs the given message to the console.</doc>
<status status="PASS" start="2025-12-24T12:28:41.051181" elapsed="0.000154"/>
</kw>
<kw name="Log To Console" owner="BuiltIn">
<arg>user login test is over</arg>
<doc>Logs the given message to the console.</doc>
<status status="PASS" start="2025-12-24T12:28:41.051418" elapsed="0.000108"/>
</kw>
<tag>sanity</tag>
<status status="PASS" start="2025-12-24T12:28:41.050817" elapsed="0.000776"/>
</test>
<test id="s1-t2" name="TC4 Logout Test" line="22">
<kw name="Log To Console" owner="BuiltIn">
<arg>This is user Logout test</arg>
<doc>Logs the given message to the console.</doc>
<status status="PASS" start="2025-12-24T12:28:41.051879" elapsed="0.000123"/>
</kw>
<kw name="Log To Console" owner="BuiltIn">
<arg>user Logout test is over</arg>
<doc>Logs the given message to the console.</doc>
<status status="PASS" start="2025-12-24T12:28:41.052059" elapsed="0.000095"/>
</kw>
<tag>sanity</tag>
<status status="PASS" start="2025-12-24T12:28:41.051737" elapsed="0.000475"/>
</test>
<status status="PASS" start="2025-12-24T12:28:41.037115" elapsed="0.015284"/>
</suite>
<statistics>
<total>
<stat pass="2" fail="0" skip="0">All Tests</stat>
</total>
<tag>
<stat pass="2" fail="0" skip="0">sanity</stat>
</tag>
<suite>
<stat name="TaggingRobot" id="s1" pass="2" fail="0" skip="0">TaggingRobot</stat>
</suite>
</statistics>
<errors>
</errors>
</robot>
