<?xml version="1.0" encoding="UTF-8"?>
<robot generator="Robot 7.4 (Python 3.14.2 on darwin)" generated="2025-12-16T11:46:29.555724" rpa="false" schemaversion="5">
<suite id="s1" name="PythonProject1" source="/Users/amit/IdeaProjects/PythonProject1">
<suite id="s1-s1" name="TestCases" source="/Users/amit/IdeaProjects/PythonProject1/TestCases">
<suite id="s1-s1-s1" name="ImplicitWaitTest" source="/Users/amit/IdeaProjects/PythonProject1/TestCases/ImplicitWaitTest.robot">
<test id="s1-s1-s1-t1" name="Registration Test and verify the waits" line="29">
<kw name="Open HomePage And Verify Title">
<kw name="Open Browser" owner="SeleniumLibrary">
<msg time="2025-12-16T11:46:29.669823" level="INFO">Opening browser 'chrome' to base url 'https://demowebshop.tricentis.com/register'.</msg>
<arg>${URL}</arg>
<arg>${BROWSER}</arg>
<doc>Opens a new browser instance to the optional ``url``.</doc>
<status status="PASS" start="2025-12-16T11:46:29.669493" elapsed="5.350965"/>
</kw>
<kw name="Maximize Browser Window" owner="SeleniumLibrary">
<doc>Maximizes current browser window.</doc>
<status status="PASS" start="2025-12-16T11:46:35.021408" elapsed="0.325119"/>
</kw>
<kw name="Title Should Be" owner="SeleniumLibrary">
<msg time="2025-12-16T11:46:35.350410" level="INFO">Page title is 'Demo Web Shop. Register'.</msg>
<arg>${HOME_PAGE_TITLE}</arg>
<doc>Verifies that the current page title equals ``title``.</doc>
<status status="PASS" start="2025-12-16T11:46:35.346803" elapsed="0.003837"/>
</kw>
<status status="PASS" start="2025-12-16T11:46:29.668837" elapsed="5.681926"/>
</kw>
<kw name="Fill in the Details for Registeration">
<kw name="Get Selenium Implicit Wait" owner="SeleniumLibrary">
<msg time="2025-12-16T11:46:35.351398" level="INFO">${IMPLICIT_TIME} = 0 seconds</msg>
<var>${IMPLICIT_TIME}</var>
<doc>Gets the implicit wait value used by Selenium.</doc>
<status status="PASS" start="2025-12-16T11:46:35.351235" elapsed="0.000214"/>
</kw>
<kw name="Log To Console" owner="BuiltIn">
<arg>${IMPLICIT_TIME}</arg>
<doc>Logs the given message to the console.</doc>
<status status="PASS" start="2025-12-16T11:46:35.351549" elapsed="0.000349"/>
</kw>
<kw name="Set Selenium Implicit Wait" owner="SeleniumLibrary">
<arg>10 seconds</arg>
<doc>Sets the implicit wait value used by Selenium.</doc>
<status status="PASS" start="2025-12-16T11:46:35.351981" elapsed="0.000982"/>
</kw>
<kw name="Get Selenium Implicit Wait" owner="SeleniumLibrary">
<msg time="2025-12-16T11:46:35.353203" level="INFO">${IMPLICIT_TIME} = 10 seconds</msg>
<var>${IMPLICIT_TIME}</var>
<doc>Gets the implicit wait value used by Selenium.</doc>
<status status="PASS" start="2025-12-16T11:46:35.353059" elapsed="0.000200"/>
</kw>
<kw name="Log To Console" owner="BuiltIn">
<arg>${IMPLICIT_TIME}</arg>
<doc>Logs the given message to the console.</doc>
<status status="PASS" start="2025-12-16T11:46:35.353336" elapsed="0.000202"/>
</kw>
<kw name="Select Radio Button" owner="SeleniumLibrary">
<msg time="2025-12-16T11:46:35.353723" level="INFO">Selecting 'M' from radio button 'Gender'.</msg>
<arg>Gender</arg>
<arg>M</arg>
<doc>Sets the radio button group ``group_name`` to ``value``.</doc>
<status status="PASS" start="2025-12-16T11:46:35.353613" elapsed="0.042083"/>
</kw>
<kw name="Input Text" owner="SeleniumLibrary">
<msg time="2025-12-16T11:46:35.396407" level="INFO">Typing text 'Amith' into text field 'name:FirstName'.</msg>
<arg>name:FirstName</arg>
<arg>Amith</arg>
<doc>Types the given ``text`` into the text field identified by ``locator``.</doc>
<status status="PASS" start="2025-12-16T11:46:35.395902" elapsed="0.089446"/>
</kw>
<kw name="Input Text" owner="SeleniumLibrary">
<msg time="2025-12-16T11:46:35.485732" level="INFO">Typing text 'Kumar' into text field 'name:LastName'.</msg>
<arg>name:LastName</arg>
<arg>Kumar</arg>
<doc>Types the given ``text`` into the text field identified by ``locator``.</doc>
<status status="PASS" start="2025-12-16T11:46:35.485513" elapsed="0.038047"/>
</kw>
<kw name="Input Text" owner="SeleniumLibrary">
<msg time="2025-12-16T11:46:35.523917" level="INFO">Typing text 'avc456@email.com' into text field 'name:Email'.</msg>
<arg>name:Email</arg>
<arg>avc456@email.com</arg>
<doc>Types the given ``text`` into the text field identified by ``locator``.</doc>
<status status="PASS" start="2025-12-16T11:46:35.523722" elapsed="0.048552"/>
</kw>
<kw name="Input Text" owner="SeleniumLibrary">
<msg time="2025-12-16T11:46:35.572644" level="INFO">Typing text 'LessTest123' into text field 'name:Password'.</msg>
<arg>name:Password</arg>
<arg>LessTest123</arg>
<doc>Types the given ``text`` into the text field identified by ``locator``.</doc>
<status status="PASS" start="2025-12-16T11:46:35.572436" elapsed="0.038420"/>
</kw>
<kw name="Input Text" owner="SeleniumLibrary">
<msg time="2025-12-16T11:46:35.611182" level="INFO">Typing text 'LessTest123' into text field 'name:ConfirmPassword'.</msg>
<arg>name:ConfirmPassword</arg>
<arg>LessTest123</arg>
<doc>Types the given ``text`` into the text field identified by ``locator``.</doc>
<status status="PASS" start="2025-12-16T11:46:35.610998" elapsed="0.035647"/>
</kw>
<status status="PASS" start="2025-12-16T11:46:35.350969" elapsed="0.295804"/>
</kw>
<status status="PASS" start="2025-12-16T11:46:29.667804" elapsed="5.979092"/>
</test>
<status status="PASS" start="2025-12-16T11:46:29.586589" elapsed="6.061882"/>
</suite>
<status status="PASS" start="2025-12-16T11:46:29.585293" elapsed="6.064364"/>
</suite>
<status status="PASS" start="2025-12-16T11:46:29.559708" elapsed="6.090604"/>
</suite>
<statistics>
<total>
<stat pass="1" fail="0" skip="0">All Tests</stat>
</total>
<tag>
</tag>
<suite>
<stat name="PythonProject1" id="s1" pass="1" fail="0" skip="0">PythonProject1</stat>
<stat name="TestCases" id="s1-s1" pass="1" fail="0" skip="0">PythonProject1.TestCases</stat>
<stat name="ImplicitWaitTest" id="s1-s1-s1" pass="1" fail="0" skip="0">PythonProject1.TestCases.ImplicitWaitTest</stat>
</suite>
</statistics>
<errors>
</errors>
</robot>
